<?xml version="1.0" encoding="UTF-8"?>
<!-- Generated by org.testng.reporters.JUnitXMLReporter -->
<testsuite ignored="0" hostname="Dheeru" failures="0" tests="5" name="Default test" time="0.249" errors="0" timestamp="2022-03-03T13:01:10 IST">
  <testcase classname="com.GroupofGroup.GroupPgm" name="bike" time="0.024"/>
  <testcase classname="com.GroupofGroup.GroupPgm" name="formula" time="0.01"/>
  <testcase classname="com.GroupofGroup.GroupPgm" name="wel" time="0.007"/>
  <testcase classname="com.GroupofGroup.GroupPgm" name="Thank" time="0.006"/>
  <testcase classname="com.GroupofGroup.GroupPgm" name="hello" time="0.01"/>
</testsuite> <!-- Default test -->
